<?xml version="1.0" encoding="UTF-8"?>
<!-- Generated by org.testng.reporters.JUnitReportReporter -->
<testsuite hostname="DESKTOP-DNPC8RQ" failures="0" tests="4" name="com.crm.testngPractice.ExperThreadPollSize" time="-1718345600.000" errors="1" timestamp="2024-06-14T11:43:28 IST" skipped="3">
  <testcase classname="com.crm.testngPractice.ExperThreadPollSize" name="trying" time="0.000">
    <skipped/>
  </testcase> <!-- trying -->
  <system-out/>
  <testcase classname="com.crm.testngPractice.ExperThreadPollSize" name="trying" time="0.000">
    <skipped/>
  </testcase> <!-- trying -->
  <system-out/>
  <testcase classname="com.crm.testngPractice.ExperThreadPollSize" name="trying" time="0.000">
    <skipped/>
  </testcase> <!-- trying -->
  <system-out/>
  <testcase classname="com.crm.testngPractice.ExperThreadPollSize" name="configBc" time="-1718345600.000">
    <error message="
Parameter &#039;BROWSER&#039; is required by BeforeClass on method configBc but has not been marked @Optional or defined
in C:\Users\User\AppData\Local\Temp\testng-eclipse--403598436\testng-customsuite.xml" type="org.testng.TestNGException">
      <![CDATA[org.testng.TestNGException: 
Parameter 'BROWSER' is required by BeforeClass on method configBc but has not been marked @Optional or defined
in C:\Users\User\AppData\Local\Temp\testng-eclipse--403598436\testng-customsuite.xml
at org.testng.internal.Parameters.createParams(Parameters.java:272)
at org.testng.internal.Parameters.createParametersForMethod(Parameters.java:360)
at org.testng.internal.Parameters.createParameters(Parameters.java:704)
at org.testng.internal.Parameters.createConfigurationParameters(Parameters.java:166)
at org.testng.internal.ConfigInvoker.invokeConfigurations(ConfigInvoker.java:283)
at org.testng.internal.TestMethodWorker.invokeBeforeClassMethods(TestMethodWorker.java:176)
at org.testng.internal.TestMethodWorker.run(TestMethodWorker.java:122)
at java.base/java.util.ArrayList.forEach(ArrayList.java:1511)
at org.testng.TestRunner.privateRun(TestRunner.java:766)
at org.testng.TestRunner.run(TestRunner.java:587)
at org.testng.SuiteRunner.runTest(SuiteRunner.java:384)
at org.testng.SuiteRunner.runSequentially(SuiteRunner.java:378)
at org.testng.SuiteRunner.privateRun(SuiteRunner.java:337)
at org.testng.SuiteRunner.run(SuiteRunner.java:286)
at org.testng.SuiteRunnerWorker.runSuite(SuiteRunnerWorker.java:53)
at org.testng.SuiteRunnerWorker.run(SuiteRunnerWorker.java:96)
at org.testng.TestNG.runSuitesSequentially(TestNG.java:1187)
at org.testng.TestNG.runSuitesLocally(TestNG.java:1109)
at org.testng.TestNG.runSuites(TestNG.java:1039)
at org.testng.TestNG.run(TestNG.java:1007)
at org.testng.remote.AbstractRemoteTestNG.run(AbstractRemoteTestNG.java:115)
at org.testng.remote.RemoteTestNG.initAndRun(RemoteTestNG.java:293)
at org.testng.remote.RemoteTestNG.main(RemoteTestNG.java:91)
]]>
    </error>
  </testcase> <!-- configBc -->
  <system-out/>
</testsuite> <!-- com.crm.testngPractice.ExperThreadPollSize -->
