<?xml version="1.0" encoding="UTF-8"?>
<testng-results ignored="4" total="16" passed="9" failed="2" skipped="1">
  <reporter-output>
  </reporter-output>
  <suite started-at="2024-06-22T16:44:19 IST" name="Suite" finished-at="2024-06-22T16:49:41 IST" duration-ms="322670">
    <groups>
      <group name="regression">
        <method signature="CreateContactTest.createContactWithDates()[pri:0, instance:com.crm.contactTest.CreateContactTest@27ce24aa]" name="createContactWithDates" class="com.crm.contactTest.CreateContactTest"/>
        <method signature="CreateContactTest.createContactWithOrganization()[pri:0, instance:com.crm.contactTest.CreateContactTest@27ce24aa]" name="createContactWithOrganization" class="com.crm.contactTest.CreateContactTest"/>
        <method signature="CreateOrganizationTest.createOrgWithIndustry()[pri:0, instance:com.crm.orgTest.CreateOrganizationTest@481a996b]" name="createOrgWithIndustry" class="com.crm.orgTest.CreateOrganizationTest"/>
        <method signature="CreateOrganizationTest.createOrgWithTest()[pri:0, instance:com.crm.orgTest.CreateOrganizationTest@481a996b]" name="createOrgWithTest" class="com.crm.orgTest.CreateOrganizationTest"/>
        <method signature="CreateContactTest.createContactWithDates()[pri:0, instance:com.crm.contactTest.CreateContactTest@f5ac9e4]" name="createContactWithDates" class="com.crm.contactTest.CreateContactTest"/>
        <method signature="CreateContactTest.createContactWithOrganization()[pri:0, instance:com.crm.contactTest.CreateContactTest@f5ac9e4]" name="createContactWithOrganization" class="com.crm.contactTest.CreateContactTest"/>
        <method signature="CreateOrganizationTest.createOrgWithIndustry()[pri:0, instance:com.crm.orgTest.CreateOrganizationTest@123ef382]" name="createOrgWithIndustry" class="com.crm.orgTest.CreateOrganizationTest"/>
        <method signature="CreateOrganizationTest.createOrgWithTest()[pri:0, instance:com.crm.orgTest.CreateOrganizationTest@123ef382]" name="createOrgWithTest" class="com.crm.orgTest.CreateOrganizationTest"/>
      </group> <!-- regression -->
      <group name="smoke">
        <method signature="CreateContactTest.createContact()[pri:0, instance:com.crm.contactTest.CreateContactTest@27ce24aa]" name="createContact" class="com.crm.contactTest.CreateContactTest"/>
        <method signature="CreateOrganizationTest.craeteOrgTest()[pri:0, instance:com.crm.orgTest.CreateOrganizationTest@481a996b]" name="craeteOrgTest" class="com.crm.orgTest.CreateOrganizationTest"/>
        <method signature="CreateContactTest.createContact()[pri:0, instance:com.crm.contactTest.CreateContactTest@f5ac9e4]" name="createContact" class="com.crm.contactTest.CreateContactTest"/>
        <method signature="CreateOrganizationTest.craeteOrgTest()[pri:0, instance:com.crm.orgTest.CreateOrganizationTest@123ef382]" name="craeteOrgTest" class="com.crm.orgTest.CreateOrganizationTest"/>
      </group> <!-- smoke -->
    </groups>
    <test started-at="2024-06-22T16:44:19 IST" name="Test-firefox" finished-at="2024-06-22T16:49:24 IST" duration-ms="305591">
      <class name="com.crm.contactTest.CreateContactTest">
        <test-method is-config="true" signature="configBc(java.lang.String)[pri:0, instance:com.crm.contactTest.CreateContactTest@27ce24aa]" started-at="2024-06-22T16:44:19 IST" name="configBc" finished-at="2024-06-22T16:44:36 IST" duration-ms="17548" status="PASS">
          <params>
            <param index="0">
              <value>
                <![CDATA[firefox]]>
              </value>
            </param>
          </params>
          <reporter-output>
          </reporter-output>
        </test-method> <!-- configBc -->
        <test-method is-config="true" signature="configBm()[pri:0, instance:com.crm.contactTest.CreateContactTest@27ce24aa]" started-at="2024-06-22T16:44:36 IST" name="configBm" finished-at="2024-06-22T16:44:45 IST" duration-ms="8919" status="PASS">
          <reporter-output>
          </reporter-output>
        </test-method> <!-- configBm -->
        <test-method signature="createContact()[pri:0, instance:com.crm.contactTest.CreateContactTest@27ce24aa]" started-at="2024-06-22T16:44:45 IST" name="createContact" finished-at="2024-06-22T16:45:37 IST" duration-ms="51828" status="PASS">
          <reporter-output>
          </reporter-output>
        </test-method> <!-- createContact -->
        <test-method is-config="true" signature="configAm()[pri:0, instance:com.crm.contactTest.CreateContactTest@27ce24aa]" started-at="2024-06-22T16:45:37 IST" name="configAm" finished-at="2024-06-22T16:45:42 IST" duration-ms="5102" status="PASS">
          <reporter-output>
          </reporter-output>
        </test-method> <!-- configAm -->
        <test-method is-config="true" signature="configBm()[pri:0, instance:com.crm.contactTest.CreateContactTest@27ce24aa]" started-at="2024-06-22T16:45:42 IST" name="configBm" finished-at="2024-06-22T16:46:03 IST" duration-ms="21393" status="PASS">
          <reporter-output>
          </reporter-output>
        </test-method> <!-- configBm -->
        <test-method signature="createContactWithDates()[pri:0, instance:com.crm.contactTest.CreateContactTest@27ce24aa]" started-at="2024-06-22T16:46:03 IST" name="createContactWithDates" finished-at="2024-06-22T16:47:13 IST" duration-ms="69762" status="FAIL">
          <exception class="org.openqa.selenium.NoSuchElementException">
            <message>
              <![CDATA[Unable to locate element: //img[@alt='Create Contact...']
For documentation on this error, please visit: https://www.selenium.dev/documentation/webdriver/troubleshooting/errors#no-such-element-exception
Build info: version: '4.20.0', revision: '866c76ca80'
System info: os.name: 'Windows 10', os.arch: 'amd64', os.version: '10.0', java.version: '17.0.11'
Driver info: org.openqa.selenium.firefox.FirefoxDriver
Command: [7887e197-9574-4459-a71d-adbc68838411, findElement {value=//img[@alt='Create Contact...'], using=xpath}]
Capabilities {acceptInsecureCerts: true, browserName: firefox, browserVersion: 126.0.1, moz:accessibilityChecks: false, moz:buildID: 20240526221752, moz:debuggerAddress: 127.0.0.1:48607, moz:geckodriverVersion: 0.34.0, moz:headless: false, moz:platformVersion: 10.0, moz:processID: 10012, moz:profile: C:\Users\User\AppData\Local..., moz:shutdownTimeout: 60000, moz:webdriverClick: true, moz:windowless: false, pageLoadStrategy: normal, platformName: windows, proxy: Proxy(), se:cdp: ws://127.0.0.1:48607/devtoo..., se:cdpVersion: 85.0, setWindowRect: true, strictFileInteractability: false, timeouts: {implicit: 0, pageLoad: 300000, script: 30000}, unhandledPromptBehavior: dismiss and notify, userAgent: Mozilla/5.0 (Windows NT 10....}
Session ID: 7887e197-9574-4459-a71d-adbc68838411]]>
            </message>
            <full-stacktrace>
              <![CDATA[org.openqa.selenium.NoSuchElementException: Unable to locate element: //img[@alt='Create Contact...']
For documentation on this error, please visit: https://www.selenium.dev/documentation/webdriver/troubleshooting/errors#no-such-element-exception
Build info: version: '4.20.0', revision: '866c76ca80'
System info: os.name: 'Windows 10', os.arch: 'amd64', os.version: '10.0', java.version: '17.0.11'
Driver info: org.openqa.selenium.firefox.FirefoxDriver
Command: [7887e197-9574-4459-a71d-adbc68838411, findElement {value=//img[@alt='Create Contact...'], using=xpath}]
Capabilities {acceptInsecureCerts: true, browserName: firefox, browserVersion: 126.0.1, moz:accessibilityChecks: false, moz:buildID: 20240526221752, moz:debuggerAddress: 127.0.0.1:48607, moz:geckodriverVersion: 0.34.0, moz:headless: false, moz:platformVersion: 10.0, moz:processID: 10012, moz:profile: C:\Users\User\AppData\Local..., moz:shutdownTimeout: 60000, moz:webdriverClick: true, moz:windowless: false, pageLoadStrategy: normal, platformName: windows, proxy: Proxy(), se:cdp: ws://127.0.0.1:48607/devtoo..., se:cdpVersion: 85.0, setWindowRect: true, strictFileInteractability: false, timeouts: {implicit: 0, pageLoad: 300000, script: 30000}, unhandledPromptBehavior: dismiss and notify, userAgent: Mozilla/5.0 (Windows NT 10....}
Session ID: 7887e197-9574-4459-a71d-adbc68838411
at java.base/jdk.internal.reflect.NativeConstructorAccessorImpl.newInstance0(Native Method)
at java.base/jdk.internal.reflect.NativeConstructorAccessorImpl.newInstance(NativeConstructorAccessorImpl.java:77)
at java.base/jdk.internal.reflect.DelegatingConstructorAccessorImpl.newInstance(DelegatingConstructorAccessorImpl.java:45)
at java.base/java.lang.reflect.Constructor.newInstanceWithCaller(Constructor.java:499)
at java.base/java.lang.reflect.Constructor.newInstance(Constructor.java:480)
at org.openqa.selenium.remote.ErrorCodec.decode(ErrorCodec.java:167)
at org.openqa.selenium.remote.codec.w3c.W3CHttpResponseCodec.decode(W3CHttpResponseCodec.java:138)
at org.openqa.selenium.remote.codec.w3c.W3CHttpResponseCodec.decode(W3CHttpResponseCodec.java:50)
at org.openqa.selenium.remote.HttpCommandExecutor.execute(HttpCommandExecutor.java:190)
at org.openqa.selenium.remote.service.DriverCommandExecutor.invokeExecute(DriverCommandExecutor.java:216)
at org.openqa.selenium.remote.service.DriverCommandExecutor.execute(DriverCommandExecutor.java:174)
at org.openqa.selenium.remote.RemoteWebDriver.execute(RemoteWebDriver.java:518)
at org.openqa.selenium.remote.ElementLocation$ElementFinder$2.findElement(ElementLocation.java:165)
at org.openqa.selenium.remote.ElementLocation.findElement(ElementLocation.java:59)
at org.openqa.selenium.remote.RemoteWebDriver.findElement(RemoteWebDriver.java:355)
at org.openqa.selenium.remote.RemoteWebDriver.findElement(RemoteWebDriver.java:349)
at org.openqa.selenium.support.pagefactory.DefaultElementLocator.findElement(DefaultElementLocator.java:68)
at org.openqa.selenium.support.pagefactory.internal.LocatingElementHandler.invoke(LocatingElementHandler.java:38)
at jdk.proxy2/jdk.proxy2.$Proxy19.click(Unknown Source)
at com.crm.contactTest.CreateContactTest.createContactWithDates(CreateContactTest.java:89)
at java.base/jdk.internal.reflect.NativeMethodAccessorImpl.invoke0(Native Method)
at java.base/jdk.internal.reflect.NativeMethodAccessorImpl.invoke(NativeMethodAccessorImpl.java:77)
at java.base/jdk.internal.reflect.DelegatingMethodAccessorImpl.invoke(DelegatingMethodAccessorImpl.java:43)
at java.base/java.lang.reflect.Method.invoke(Method.java:568)
at org.testng.internal.MethodInvocationHelper.invokeMethod(MethodInvocationHelper.java:134)
at org.testng.internal.TestInvoker.invokeMethod(TestInvoker.java:597)
at org.testng.internal.TestInvoker.invokeTestMethod(TestInvoker.java:173)
at org.testng.internal.MethodRunner.runInSequence(MethodRunner.java:46)
at org.testng.internal.TestInvoker$MethodInvocationAgent.invoke(TestInvoker.java:816)
at org.testng.internal.TestInvoker.invokeTestMethods(TestInvoker.java:146)
at org.testng.internal.TestMethodWorker.invokeTestMethods(TestMethodWorker.java:146)
at org.testng.internal.TestMethodWorker.run(TestMethodWorker.java:128)
at java.base/java.util.concurrent.ThreadPoolExecutor.runWorker(ThreadPoolExecutor.java:1136)
at java.base/java.util.concurrent.ThreadPoolExecutor$Worker.run(ThreadPoolExecutor.java:635)
at java.base/java.lang.Thread.run(Thread.java:842)
]]>
            </full-stacktrace>
          </exception> <!-- org.openqa.selenium.NoSuchElementException -->
          <reporter-output>
          </reporter-output>
        </test-method> <!-- createContactWithDates -->
        <test-method is-config="true" signature="configAm()[pri:0, instance:com.crm.contactTest.CreateContactTest@27ce24aa]" started-at="2024-06-22T16:47:15 IST" name="configAm" finished-at="2024-06-22T16:47:21 IST" duration-ms="6399" status="PASS">
          <reporter-output>
          </reporter-output>
        </test-method> <!-- configAm -->
        <test-method is-config="true" signature="configBm()[pri:0, instance:com.crm.contactTest.CreateContactTest@27ce24aa]" started-at="2024-06-22T16:47:21 IST" name="configBm" finished-at="2024-06-22T16:47:34 IST" duration-ms="13250" status="PASS">
          <reporter-output>
          </reporter-output>
        </test-method> <!-- configBm -->
        <test-method signature="createContactWithOrganization()[pri:0, instance:com.crm.contactTest.CreateContactTest@27ce24aa]" started-at="2024-06-22T16:47:34 IST" name="createContactWithOrganization" finished-at="2024-06-22T16:49:20 IST" duration-ms="105958" status="PASS">
          <reporter-output>
          </reporter-output>
        </test-method> <!-- createContactWithOrganization -->
        <test-method is-config="true" signature="configAm()[pri:0, instance:com.crm.contactTest.CreateContactTest@27ce24aa]" started-at="2024-06-22T16:49:20 IST" name="configAm" finished-at="2024-06-22T16:49:23 IST" duration-ms="2950" status="PASS">
          <reporter-output>
          </reporter-output>
        </test-method> <!-- configAm -->
        <test-method is-config="true" signature="configAc()[pri:0, instance:com.crm.contactTest.CreateContactTest@27ce24aa]" started-at="2024-06-22T16:49:23 IST" name="configAc" finished-at="2024-06-22T16:49:24 IST" duration-ms="1115" status="PASS">
          <reporter-output>
          </reporter-output>
        </test-method> <!-- configAc -->
      </class> <!-- com.crm.contactTest.CreateContactTest -->
      <class name="com.crm.orgTest.CreateOrganizationTest">
        <test-method is-config="true" signature="configBc(java.lang.String)[pri:0, instance:com.crm.orgTest.CreateOrganizationTest@481a996b]" started-at="2024-06-22T16:44:19 IST" name="configBc" finished-at="2024-06-22T16:44:35 IST" duration-ms="16743" status="PASS">
          <params>
            <param index="0">
              <value>
                <![CDATA[firefox]]>
              </value>
            </param>
          </params>
          <reporter-output>
          </reporter-output>
        </test-method> <!-- configBc -->
        <test-method is-config="true" signature="configBm()[pri:0, instance:com.crm.orgTest.CreateOrganizationTest@481a996b]" started-at="2024-06-22T16:44:35 IST" name="configBm" finished-at="2024-06-22T16:44:44 IST" duration-ms="8747" status="PASS">
          <reporter-output>
          </reporter-output>
        </test-method> <!-- configBm -->
        <test-method signature="craeteOrgTest()[pri:0, instance:com.crm.orgTest.CreateOrganizationTest@481a996b]" started-at="2024-06-22T16:44:44 IST" name="craeteOrgTest" finished-at="2024-06-22T16:45:35 IST" duration-ms="51241" status="PASS">
          <reporter-output>
          </reporter-output>
        </test-method> <!-- craeteOrgTest -->
        <test-method is-config="true" signature="configAm()[pri:0, instance:com.crm.orgTest.CreateOrganizationTest@481a996b]" started-at="2024-06-22T16:45:35 IST" name="configAm" finished-at="2024-06-22T16:45:41 IST" duration-ms="5174" status="PASS">
          <reporter-output>
          </reporter-output>
        </test-method> <!-- configAm -->
        <test-method is-config="true" signature="configBm()[pri:0, instance:com.crm.orgTest.CreateOrganizationTest@481a996b]" started-at="2024-06-22T16:45:41 IST" name="configBm" finished-at="2024-06-22T16:45:50 IST" duration-ms="8996" status="PASS">
          <reporter-output>
          </reporter-output>
        </test-method> <!-- configBm -->
        <test-method signature="createOrgWithIndustry()[pri:0, instance:com.crm.orgTest.CreateOrganizationTest@481a996b]" started-at="2024-06-22T16:45:50 IST" name="createOrgWithIndustry" finished-at="2024-06-22T16:46:11 IST" duration-ms="21868" status="FAIL">
          <exception class="org.openqa.selenium.NoSuchElementException">
            <message>
              <![CDATA[Unable to locate element: Organizations
For documentation on this error, please visit: https://www.selenium.dev/documentation/webdriver/troubleshooting/errors#no-such-element-exception
Build info: version: '4.20.0', revision: '866c76ca80'
System info: os.name: 'Windows 10', os.arch: 'amd64', os.version: '10.0', java.version: '17.0.11'
Driver info: org.openqa.selenium.firefox.FirefoxDriver
Command: [40d32f63-480f-43a7-b78f-952c55c9589a, findElement {value=Organizations, using=link text}]
Capabilities {acceptInsecureCerts: true, browserName: firefox, browserVersion: 126.0.1, moz:accessibilityChecks: false, moz:buildID: 20240526221752, moz:debuggerAddress: 127.0.0.1:31841, moz:geckodriverVersion: 0.34.0, moz:headless: false, moz:platformVersion: 10.0, moz:processID: 928, moz:profile: C:\Users\User\AppData\Local..., moz:shutdownTimeout: 60000, moz:webdriverClick: true, moz:windowless: false, pageLoadStrategy: normal, platformName: windows, proxy: Proxy(), se:cdp: ws://127.0.0.1:31841/devtoo..., se:cdpVersion: 85.0, setWindowRect: true, strictFileInteractability: false, timeouts: {implicit: 0, pageLoad: 300000, script: 30000}, unhandledPromptBehavior: dismiss and notify, userAgent: Mozilla/5.0 (Windows NT 10....}
Session ID: 40d32f63-480f-43a7-b78f-952c55c9589a]]>
            </message>
            <full-stacktrace>
              <![CDATA[org.openqa.selenium.NoSuchElementException: Unable to locate element: Organizations
For documentation on this error, please visit: https://www.selenium.dev/documentation/webdriver/troubleshooting/errors#no-such-element-exception
Build info: version: '4.20.0', revision: '866c76ca80'
System info: os.name: 'Windows 10', os.arch: 'amd64', os.version: '10.0', java.version: '17.0.11'
Driver info: org.openqa.selenium.firefox.FirefoxDriver
Command: [40d32f63-480f-43a7-b78f-952c55c9589a, findElement {value=Organizations, using=link text}]
Capabilities {acceptInsecureCerts: true, browserName: firefox, browserVersion: 126.0.1, moz:accessibilityChecks: false, moz:buildID: 20240526221752, moz:debuggerAddress: 127.0.0.1:31841, moz:geckodriverVersion: 0.34.0, moz:headless: false, moz:platformVersion: 10.0, moz:processID: 928, moz:profile: C:\Users\User\AppData\Local..., moz:shutdownTimeout: 60000, moz:webdriverClick: true, moz:windowless: false, pageLoadStrategy: normal, platformName: windows, proxy: Proxy(), se:cdp: ws://127.0.0.1:31841/devtoo..., se:cdpVersion: 85.0, setWindowRect: true, strictFileInteractability: false, timeouts: {implicit: 0, pageLoad: 300000, script: 30000}, unhandledPromptBehavior: dismiss and notify, userAgent: Mozilla/5.0 (Windows NT 10....}
Session ID: 40d32f63-480f-43a7-b78f-952c55c9589a
at java.base/jdk.internal.reflect.NativeConstructorAccessorImpl.newInstance0(Native Method)
at java.base/jdk.internal.reflect.NativeConstructorAccessorImpl.newInstance(NativeConstructorAccessorImpl.java:77)
at java.base/jdk.internal.reflect.DelegatingConstructorAccessorImpl.newInstance(DelegatingConstructorAccessorImpl.java:45)
at java.base/java.lang.reflect.Constructor.newInstanceWithCaller(Constructor.java:499)
at java.base/java.lang.reflect.Constructor.newInstance(Constructor.java:480)
at org.openqa.selenium.remote.ErrorCodec.decode(ErrorCodec.java:167)
at org.openqa.selenium.remote.codec.w3c.W3CHttpResponseCodec.decode(W3CHttpResponseCodec.java:138)
at org.openqa.selenium.remote.codec.w3c.W3CHttpResponseCodec.decode(W3CHttpResponseCodec.java:50)
at org.openqa.selenium.remote.HttpCommandExecutor.execute(HttpCommandExecutor.java:190)
at org.openqa.selenium.remote.service.DriverCommandExecutor.invokeExecute(DriverCommandExecutor.java:216)
at org.openqa.selenium.remote.service.DriverCommandExecutor.execute(DriverCommandExecutor.java:174)
at org.openqa.selenium.remote.RemoteWebDriver.execute(RemoteWebDriver.java:518)
at org.openqa.selenium.remote.ElementLocation$ElementFinder$2.findElement(ElementLocation.java:165)
at org.openqa.selenium.remote.ElementLocation.findElement(ElementLocation.java:59)
at org.openqa.selenium.remote.RemoteWebDriver.findElement(RemoteWebDriver.java:355)
at org.openqa.selenium.remote.RemoteWebDriver.findElement(RemoteWebDriver.java:349)
at org.openqa.selenium.support.pagefactory.DefaultElementLocator.findElement(DefaultElementLocator.java:68)
at org.openqa.selenium.support.pagefactory.internal.LocatingElementHandler.invoke(LocatingElementHandler.java:38)
at jdk.proxy2/jdk.proxy2.$Proxy19.click(Unknown Source)
at com.crm.orgTest.CreateOrganizationTest.createOrgWithIndustry(CreateOrganizationTest.java:86)
at java.base/jdk.internal.reflect.NativeMethodAccessorImpl.invoke0(Native Method)
at java.base/jdk.internal.reflect.NativeMethodAccessorImpl.invoke(NativeMethodAccessorImpl.java:77)
at java.base/jdk.internal.reflect.DelegatingMethodAccessorImpl.invoke(DelegatingMethodAccessorImpl.java:43)
at java.base/java.lang.reflect.Method.invoke(Method.java:568)
at org.testng.internal.MethodInvocationHelper.invokeMethod(MethodInvocationHelper.java:134)
at org.testng.internal.TestInvoker.invokeMethod(TestInvoker.java:597)
at org.testng.internal.TestInvoker.invokeTestMethod(TestInvoker.java:173)
at org.testng.internal.MethodRunner.runInSequence(MethodRunner.java:46)
at org.testng.internal.TestInvoker$MethodInvocationAgent.invoke(TestInvoker.java:816)
at org.testng.internal.TestInvoker.invokeTestMethods(TestInvoker.java:146)
at org.testng.internal.TestMethodWorker.invokeTestMethods(TestMethodWorker.java:146)
at org.testng.internal.TestMethodWorker.run(TestMethodWorker.java:128)
at java.base/java.util.concurrent.ThreadPoolExecutor.runWorker(ThreadPoolExecutor.java:1136)
at java.base/java.util.concurrent.ThreadPoolExecutor$Worker.run(ThreadPoolExecutor.java:635)
at java.base/java.lang.Thread.run(Thread.java:842)
]]>
            </full-stacktrace>
          </exception> <!-- org.openqa.selenium.NoSuchElementException -->
          <reporter-output>
          </reporter-output>
        </test-method> <!-- createOrgWithIndustry -->
        <test-method is-config="true" signature="configAm()[pri:0, instance:com.crm.orgTest.CreateOrganizationTest@481a996b]" started-at="2024-06-22T16:46:30 IST" name="configAm" finished-at="2024-06-22T16:46:36 IST" duration-ms="5954" status="PASS">
          <reporter-output>
          </reporter-output>
        </test-method> <!-- configAm -->
        <test-method is-config="true" signature="configBm()[pri:0, instance:com.crm.orgTest.CreateOrganizationTest@481a996b]" started-at="2024-06-22T16:46:36 IST" name="configBm" finished-at="2024-06-22T16:47:37 IST" duration-ms="61819" status="FAIL">
          <exception class="org.openqa.selenium.NoSuchElementException">
            <message>
              <![CDATA[Unable to locate element: *[name='user_name']
For documentation on this error, please visit: https://www.selenium.dev/documentation/webdriver/troubleshooting/errors#no-such-element-exception
Build info: version: '4.20.0', revision: '866c76ca80'
System info: os.name: 'Windows 10', os.arch: 'amd64', os.version: '10.0', java.version: '17.0.11'
Driver info: org.openqa.selenium.firefox.FirefoxDriver
Command: [40d32f63-480f-43a7-b78f-952c55c9589a, findElement {value=user_name, using=name}]
Capabilities {acceptInsecureCerts: true, browserName: firefox, browserVersion: 126.0.1, moz:accessibilityChecks: false, moz:buildID: 20240526221752, moz:debuggerAddress: 127.0.0.1:31841, moz:geckodriverVersion: 0.34.0, moz:headless: false, moz:platformVersion: 10.0, moz:processID: 928, moz:profile: C:\Users\User\AppData\Local..., moz:shutdownTimeout: 60000, moz:webdriverClick: true, moz:windowless: false, pageLoadStrategy: normal, platformName: windows, proxy: Proxy(), se:cdp: ws://127.0.0.1:31841/devtoo..., se:cdpVersion: 85.0, setWindowRect: true, strictFileInteractability: false, timeouts: {implicit: 0, pageLoad: 300000, script: 30000}, unhandledPromptBehavior: dismiss and notify, userAgent: Mozilla/5.0 (Windows NT 10....}
Session ID: 40d32f63-480f-43a7-b78f-952c55c9589a]]>
            </message>
            <full-stacktrace>
              <![CDATA[org.openqa.selenium.NoSuchElementException: Unable to locate element: *[name='user_name']
For documentation on this error, please visit: https://www.selenium.dev/documentation/webdriver/troubleshooting/errors#no-such-element-exception
Build info: version: '4.20.0', revision: '866c76ca80'
System info: os.name: 'Windows 10', os.arch: 'amd64', os.version: '10.0', java.version: '17.0.11'
Driver info: org.openqa.selenium.firefox.FirefoxDriver
Command: [40d32f63-480f-43a7-b78f-952c55c9589a, findElement {value=user_name, using=name}]
Capabilities {acceptInsecureCerts: true, browserName: firefox, browserVersion: 126.0.1, moz:accessibilityChecks: false, moz:buildID: 20240526221752, moz:debuggerAddress: 127.0.0.1:31841, moz:geckodriverVersion: 0.34.0, moz:headless: false, moz:platformVersion: 10.0, moz:processID: 928, moz:profile: C:\Users\User\AppData\Local..., moz:shutdownTimeout: 60000, moz:webdriverClick: true, moz:windowless: false, pageLoadStrategy: normal, platformName: windows, proxy: Proxy(), se:cdp: ws://127.0.0.1:31841/devtoo..., se:cdpVersion: 85.0, setWindowRect: true, strictFileInteractability: false, timeouts: {implicit: 0, pageLoad: 300000, script: 30000}, unhandledPromptBehavior: dismiss and notify, userAgent: Mozilla/5.0 (Windows NT 10....}
Session ID: 40d32f63-480f-43a7-b78f-952c55c9589a
at java.base/jdk.internal.reflect.NativeConstructorAccessorImpl.newInstance0(Native Method)
at java.base/jdk.internal.reflect.NativeConstructorAccessorImpl.newInstance(NativeConstructorAccessorImpl.java:77)
at java.base/jdk.internal.reflect.DelegatingConstructorAccessorImpl.newInstance(DelegatingConstructorAccessorImpl.java:45)
at java.base/java.lang.reflect.Constructor.newInstanceWithCaller(Constructor.java:499)
at java.base/java.lang.reflect.Constructor.newInstance(Constructor.java:480)
at org.openqa.selenium.remote.ErrorCodec.decode(ErrorCodec.java:167)
at org.openqa.selenium.remote.codec.w3c.W3CHttpResponseCodec.decode(W3CHttpResponseCodec.java:138)
at org.openqa.selenium.remote.codec.w3c.W3CHttpResponseCodec.decode(W3CHttpResponseCodec.java:50)
at org.openqa.selenium.remote.HttpCommandExecutor.execute(HttpCommandExecutor.java:190)
at org.openqa.selenium.remote.service.DriverCommandExecutor.invokeExecute(DriverCommandExecutor.java:216)
at org.openqa.selenium.remote.service.DriverCommandExecutor.execute(DriverCommandExecutor.java:174)
at org.openqa.selenium.remote.RemoteWebDriver.execute(RemoteWebDriver.java:518)
at org.openqa.selenium.remote.ElementLocation$ElementFinder$2.findElement(ElementLocation.java:165)
at org.openqa.selenium.remote.ElementLocation.findElement(ElementLocation.java:59)
at org.openqa.selenium.remote.RemoteWebDriver.findElement(RemoteWebDriver.java:355)
at org.openqa.selenium.remote.RemoteWebDriver.findElement(RemoteWebDriver.java:349)
at org.openqa.selenium.support.pagefactory.DefaultElementLocator.findElement(DefaultElementLocator.java:68)
at org.openqa.selenium.support.pagefactory.internal.LocatingElementHandler.invoke(LocatingElementHandler.java:38)
at jdk.proxy2/jdk.proxy2.$Proxy19.sendKeys(Unknown Source)
at com.comCast.crm.objectrepositoryutility.LoginPage.loginOperation(LoginPage.java:57)
at com.comCast.crm.generic.baseClassUtility.BaseClass.configBm(BaseClass.java:99)
at java.base/jdk.internal.reflect.NativeMethodAccessorImpl.invoke0(Native Method)
at java.base/jdk.internal.reflect.NativeMethodAccessorImpl.invoke(NativeMethodAccessorImpl.java:77)
at java.base/jdk.internal.reflect.DelegatingMethodAccessorImpl.invoke(DelegatingMethodAccessorImpl.java:43)
at java.base/java.lang.reflect.Method.invoke(Method.java:568)
at org.testng.internal.MethodInvocationHelper.invokeMethod(MethodInvocationHelper.java:134)
at org.testng.internal.MethodInvocationHelper.invokeMethodConsideringTimeout(MethodInvocationHelper.java:63)
at org.testng.internal.ConfigInvoker.invokeConfigurationMethod(ConfigInvoker.java:348)
at org.testng.internal.ConfigInvoker.invokeConfigurations(ConfigInvoker.java:302)
at org.testng.internal.TestInvoker.runConfigMethods(TestInvoker.java:695)
at org.testng.internal.TestInvoker.invokeMethod(TestInvoker.java:523)
at org.testng.internal.TestInvoker.invokeTestMethod(TestInvoker.java:173)
at org.testng.internal.MethodRunner.runInSequence(MethodRunner.java:46)
at org.testng.internal.TestInvoker$MethodInvocationAgent.invoke(TestInvoker.java:816)
at org.testng.internal.TestInvoker.invokeTestMethods(TestInvoker.java:146)
at org.testng.internal.TestMethodWorker.invokeTestMethods(TestMethodWorker.java:146)
at org.testng.internal.TestMethodWorker.run(TestMethodWorker.java:128)
at java.base/java.util.concurrent.ThreadPoolExecutor.runWorker(ThreadPoolExecutor.java:1136)
at java.base/java.util.concurrent.ThreadPoolExecutor$Worker.run(ThreadPoolExecutor.java:635)
at java.base/java.lang.Thread.run(Thread.java:842)
]]>
            </full-stacktrace>
          </exception> <!-- org.openqa.selenium.NoSuchElementException -->
          <reporter-output>
          </reporter-output>
        </test-method> <!-- configBm -->
        <test-method signature="createOrgWithTest()[pri:0, instance:com.crm.orgTest.CreateOrganizationTest@481a996b]" started-at="2024-06-22T16:47:37 IST" name="createOrgWithTest" finished-at="2024-06-22T16:47:37 IST" duration-ms="0" status="SKIP">
          <exception class="org.openqa.selenium.NoSuchElementException">
            <message>
              <![CDATA[Unable to locate element: *[name='user_name']
For documentation on this error, please visit: https://www.selenium.dev/documentation/webdriver/troubleshooting/errors#no-such-element-exception
Build info: version: '4.20.0', revision: '866c76ca80'
System info: os.name: 'Windows 10', os.arch: 'amd64', os.version: '10.0', java.version: '17.0.11'
Driver info: org.openqa.selenium.firefox.FirefoxDriver
Command: [40d32f63-480f-43a7-b78f-952c55c9589a, findElement {value=user_name, using=name}]
Capabilities {acceptInsecureCerts: true, browserName: firefox, browserVersion: 126.0.1, moz:accessibilityChecks: false, moz:buildID: 20240526221752, moz:debuggerAddress: 127.0.0.1:31841, moz:geckodriverVersion: 0.34.0, moz:headless: false, moz:platformVersion: 10.0, moz:processID: 928, moz:profile: C:\Users\User\AppData\Local..., moz:shutdownTimeout: 60000, moz:webdriverClick: true, moz:windowless: false, pageLoadStrategy: normal, platformName: windows, proxy: Proxy(), se:cdp: ws://127.0.0.1:31841/devtoo..., se:cdpVersion: 85.0, setWindowRect: true, strictFileInteractability: false, timeouts: {implicit: 0, pageLoad: 300000, script: 30000}, unhandledPromptBehavior: dismiss and notify, userAgent: Mozilla/5.0 (Windows NT 10....}
Session ID: 40d32f63-480f-43a7-b78f-952c55c9589a]]>
            </message>
            <full-stacktrace>
              <![CDATA[org.openqa.selenium.NoSuchElementException: Unable to locate element: *[name='user_name']
For documentation on this error, please visit: https://www.selenium.dev/documentation/webdriver/troubleshooting/errors#no-such-element-exception
Build info: version: '4.20.0', revision: '866c76ca80'
System info: os.name: 'Windows 10', os.arch: 'amd64', os.version: '10.0', java.version: '17.0.11'
Driver info: org.openqa.selenium.firefox.FirefoxDriver
Command: [40d32f63-480f-43a7-b78f-952c55c9589a, findElement {value=user_name, using=name}]
Capabilities {acceptInsecureCerts: true, browserName: firefox, browserVersion: 126.0.1, moz:accessibilityChecks: false, moz:buildID: 20240526221752, moz:debuggerAddress: 127.0.0.1:31841, moz:geckodriverVersion: 0.34.0, moz:headless: false, moz:platformVersion: 10.0, moz:processID: 928, moz:profile: C:\Users\User\AppData\Local..., moz:shutdownTimeout: 60000, moz:webdriverClick: true, moz:windowless: false, pageLoadStrategy: normal, platformName: windows, proxy: Proxy(), se:cdp: ws://127.0.0.1:31841/devtoo..., se:cdpVersion: 85.0, setWindowRect: true, strictFileInteractability: false, timeouts: {implicit: 0, pageLoad: 300000, script: 30000}, unhandledPromptBehavior: dismiss and notify, userAgent: Mozilla/5.0 (Windows NT 10....}
Session ID: 40d32f63-480f-43a7-b78f-952c55c9589a
at java.base/jdk.internal.reflect.NativeConstructorAccessorImpl.newInstance0(Native Method)
at java.base/jdk.internal.reflect.NativeConstructorAccessorImpl.newInstance(NativeConstructorAccessorImpl.java:77)
at java.base/jdk.internal.reflect.DelegatingConstructorAccessorImpl.newInstance(DelegatingConstructorAccessorImpl.java:45)
at java.base/java.lang.reflect.Constructor.newInstanceWithCaller(Constructor.java:499)
at java.base/java.lang.reflect.Constructor.newInstance(Constructor.java:480)
at org.openqa.selenium.remote.ErrorCodec.decode(ErrorCodec.java:167)
at org.openqa.selenium.remote.codec.w3c.W3CHttpResponseCodec.decode(W3CHttpResponseCodec.java:138)
at org.openqa.selenium.remote.codec.w3c.W3CHttpResponseCodec.decode(W3CHttpResponseCodec.java:50)
at org.openqa.selenium.remote.HttpCommandExecutor.execute(HttpCommandExecutor.java:190)
at org.openqa.selenium.remote.service.DriverCommandExecutor.invokeExecute(DriverCommandExecutor.java:216)
at org.openqa.selenium.remote.service.DriverCommandExecutor.execute(DriverCommandExecutor.java:174)
at org.openqa.selenium.remote.RemoteWebDriver.execute(RemoteWebDriver.java:518)
at org.openqa.selenium.remote.ElementLocation$ElementFinder$2.findElement(ElementLocation.java:165)
at org.openqa.selenium.remote.ElementLocation.findElement(ElementLocation.java:59)
at org.openqa.selenium.remote.RemoteWebDriver.findElement(RemoteWebDriver.java:355)
at org.openqa.selenium.remote.RemoteWebDriver.findElement(RemoteWebDriver.java:349)
at org.openqa.selenium.support.pagefactory.DefaultElementLocator.findElement(DefaultElementLocator.java:68)
at org.openqa.selenium.support.pagefactory.internal.LocatingElementHandler.invoke(LocatingElementHandler.java:38)
at jdk.proxy2/jdk.proxy2.$Proxy19.sendKeys(Unknown Source)
at com.comCast.crm.objectrepositoryutility.LoginPage.loginOperation(LoginPage.java:57)
at com.comCast.crm.generic.baseClassUtility.BaseClass.configBm(BaseClass.java:99)
at java.base/jdk.internal.reflect.NativeMethodAccessorImpl.invoke0(Native Method)
at java.base/jdk.internal.reflect.NativeMethodAccessorImpl.invoke(NativeMethodAccessorImpl.java:77)
at java.base/jdk.internal.reflect.DelegatingMethodAccessorImpl.invoke(DelegatingMethodAccessorImpl.java:43)
at java.base/java.lang.reflect.Method.invoke(Method.java:568)
at org.testng.internal.MethodInvocationHelper.invokeMethod(MethodInvocationHelper.java:134)
at org.testng.internal.MethodInvocationHelper.invokeMethodConsideringTimeout(MethodInvocationHelper.java:63)
at org.testng.internal.ConfigInvoker.invokeConfigurationMethod(ConfigInvoker.java:348)
at org.testng.internal.ConfigInvoker.invokeConfigurations(ConfigInvoker.java:302)
at org.testng.internal.TestInvoker.runConfigMethods(TestInvoker.java:695)
at org.testng.internal.TestInvoker.invokeMethod(TestInvoker.java:523)
at org.testng.internal.TestInvoker.invokeTestMethod(TestInvoker.java:173)
at org.testng.internal.MethodRunner.runInSequence(MethodRunner.java:46)
at org.testng.internal.TestInvoker$MethodInvocationAgent.invoke(TestInvoker.java:816)
at org.testng.internal.TestInvoker.invokeTestMethods(TestInvoker.java:146)
at org.testng.internal.TestMethodWorker.invokeTestMethods(TestMethodWorker.java:146)
at org.testng.internal.TestMethodWorker.run(TestMethodWorker.java:128)
at java.base/java.util.concurrent.ThreadPoolExecutor.runWorker(ThreadPoolExecutor.java:1136)
at java.base/java.util.concurrent.ThreadPoolExecutor$Worker.run(ThreadPoolExecutor.java:635)
at java.base/java.lang.Thread.run(Thread.java:842)
]]>
            </full-stacktrace>
          </exception> <!-- org.openqa.selenium.NoSuchElementException -->
          <reporter-output>
          </reporter-output>
        </test-method> <!-- createOrgWithTest -->
        <test-method is-config="true" signature="configAm()[pri:0, instance:com.crm.orgTest.CreateOrganizationTest@481a996b]" started-at="2024-06-22T16:47:37 IST" name="configAm" finished-at="1970-01-01T05:30:00 IST" duration-ms="-1719055057961" status="SKIP">
          <reporter-output>
          </reporter-output>
        </test-method> <!-- configAm -->
        <test-method is-config="true" signature="configAc()[pri:0, instance:com.crm.orgTest.CreateOrganizationTest@481a996b]" started-at="2024-06-22T16:47:37 IST" name="configAc" finished-at="1970-01-01T05:30:00 IST" duration-ms="-1719055057966" status="SKIP">
          <reporter-output>
          </reporter-output>
        </test-method> <!-- configAc -->
      </class> <!-- com.crm.orgTest.CreateOrganizationTest -->
    </test> <!-- Test-firefox -->
    <test started-at="2024-06-22T16:44:19 IST" name="Test-chrome" finished-at="2024-06-22T16:49:41 IST" duration-ms="322668">
      <class name="com.crm.contactTest.CreateContactTest">
        <test-method is-config="true" signature="configBS()[pri:0, instance:com.crm.contactTest.CreateContactTest@f5ac9e4]" started-at="2024-06-22T16:44:18 IST" name="configBS" finished-at="2024-06-22T16:44:19 IST" duration-ms="445" status="PASS">
          <reporter-output>
          </reporter-output>
        </test-method> <!-- configBS -->
        <test-method is-config="true" signature="configBc(java.lang.String)[pri:0, instance:com.crm.contactTest.CreateContactTest@f5ac9e4]" started-at="2024-06-22T16:44:19 IST" name="configBc" finished-at="2024-06-22T16:44:26 IST" duration-ms="7420" status="PASS">
          <params>
            <param index="0">
              <value>
                <![CDATA[chrome]]>
              </value>
            </param>
          </params>
          <reporter-output>
          </reporter-output>
        </test-method> <!-- configBc -->
        <test-method is-config="true" signature="configBm()[pri:0, instance:com.crm.contactTest.CreateContactTest@f5ac9e4]" started-at="2024-06-22T16:44:26 IST" name="configBm" finished-at="2024-06-22T16:44:49 IST" duration-ms="22961" status="PASS">
          <reporter-output>
          </reporter-output>
        </test-method> <!-- configBm -->
        <test-method signature="createContact()[pri:0, instance:com.crm.contactTest.CreateContactTest@f5ac9e4]" started-at="2024-06-22T16:44:49 IST" name="createContact" finished-at="2024-06-22T16:45:45 IST" duration-ms="56157" status="PASS">
          <reporter-output>
          </reporter-output>
        </test-method> <!-- createContact -->
        <test-method is-config="true" signature="configAm()[pri:0, instance:com.crm.contactTest.CreateContactTest@f5ac9e4]" started-at="2024-06-22T16:45:45 IST" name="configAm" finished-at="2024-06-22T16:46:03 IST" duration-ms="17863" status="PASS">
          <reporter-output>
          </reporter-output>
        </test-method> <!-- configAm -->
        <test-method is-config="true" signature="configBm()[pri:0, instance:com.crm.contactTest.CreateContactTest@f5ac9e4]" started-at="2024-06-22T16:46:03 IST" name="configBm" finished-at="2024-06-22T16:46:48 IST" duration-ms="44673" status="PASS">
          <reporter-output>
          </reporter-output>
        </test-method> <!-- configBm -->
        <test-method signature="createContactWithDates()[pri:0, instance:com.crm.contactTest.CreateContactTest@f5ac9e4]" started-at="2024-06-22T16:46:48 IST" name="createContactWithDates" finished-at="2024-06-22T16:48:12 IST" duration-ms="84244" status="PASS">
          <reporter-output>
          </reporter-output>
        </test-method> <!-- createContactWithDates -->
        <test-method is-config="true" signature="configAm()[pri:0, instance:com.crm.contactTest.CreateContactTest@f5ac9e4]" started-at="2024-06-22T16:48:12 IST" name="configAm" finished-at="2024-06-22T16:48:18 IST" duration-ms="6136" status="PASS">
          <reporter-output>
          </reporter-output>
        </test-method> <!-- configAm -->
        <test-method is-config="true" signature="configBm()[pri:0, instance:com.crm.contactTest.CreateContactTest@f5ac9e4]" started-at="2024-06-22T16:48:18 IST" name="configBm" finished-at="2024-06-22T16:48:35 IST" duration-ms="16414" status="PASS">
          <reporter-output>
          </reporter-output>
        </test-method> <!-- configBm -->
        <test-method signature="createContactWithOrganization()[pri:0, instance:com.crm.contactTest.CreateContactTest@f5ac9e4]" started-at="2024-06-22T16:48:35 IST" name="createContactWithOrganization" finished-at="2024-06-22T16:49:39 IST" duration-ms="64250" status="PASS">
          <reporter-output>
          </reporter-output>
        </test-method> <!-- createContactWithOrganization -->
        <test-method is-config="true" signature="configAm()[pri:0, instance:com.crm.contactTest.CreateContactTest@f5ac9e4]" started-at="2024-06-22T16:49:39 IST" name="configAm" finished-at="2024-06-22T16:49:41 IST" duration-ms="2093" status="PASS">
          <reporter-output>
          </reporter-output>
        </test-method> <!-- configAm -->
        <test-method is-config="true" signature="configAc()[pri:0, instance:com.crm.contactTest.CreateContactTest@f5ac9e4]" started-at="2024-06-22T16:49:41 IST" name="configAc" finished-at="2024-06-22T16:49:41 IST" duration-ms="394" status="PASS">
          <reporter-output>
          </reporter-output>
        </test-method> <!-- configAc -->
        <test-method is-config="true" signature="configAS()[pri:0, instance:com.crm.contactTest.CreateContactTest@f5ac9e4]" started-at="2024-06-22T16:49:41 IST" name="configAS" finished-at="2024-06-22T16:49:41 IST" duration-ms="10" status="PASS">
          <reporter-output>
          </reporter-output>
        </test-method> <!-- configAS -->
      </class> <!-- com.crm.contactTest.CreateContactTest -->
      <class name="com.crm.orgTest.CreateOrganizationTest">
        <test-method is-config="true" signature="configBc(java.lang.String)[pri:0, instance:com.crm.orgTest.CreateOrganizationTest@123ef382]" started-at="2024-06-22T16:44:19 IST" name="configBc" finished-at="2024-06-22T16:44:25 IST" duration-ms="6107" status="PASS">
          <params>
            <param index="0">
              <value>
                <![CDATA[chrome]]>
              </value>
            </param>
          </params>
          <reporter-output>
          </reporter-output>
        </test-method> <!-- configBc -->
        <test-method is-config="true" signature="configBm()[pri:0, instance:com.crm.orgTest.CreateOrganizationTest@123ef382]" started-at="2024-06-22T16:44:25 IST" name="configBm" finished-at="2024-06-22T16:44:46 IST" duration-ms="20683" status="PASS">
          <reporter-output>
          </reporter-output>
        </test-method> <!-- configBm -->
        <test-method signature="craeteOrgTest()[pri:0, instance:com.crm.orgTest.CreateOrganizationTest@123ef382]" started-at="2024-06-22T16:44:46 IST" name="craeteOrgTest" finished-at="2024-06-22T16:45:40 IST" duration-ms="54044" status="PASS">
          <reporter-output>
          </reporter-output>
        </test-method> <!-- craeteOrgTest -->
        <test-method is-config="true" signature="configAm()[pri:0, instance:com.crm.orgTest.CreateOrganizationTest@123ef382]" started-at="2024-06-22T16:45:40 IST" name="configAm" finished-at="2024-06-22T16:45:49 IST" duration-ms="9788" status="PASS">
          <reporter-output>
          </reporter-output>
        </test-method> <!-- configAm -->
        <test-method is-config="true" signature="configBm()[pri:0, instance:com.crm.orgTest.CreateOrganizationTest@123ef382]" started-at="2024-06-22T16:45:49 IST" name="configBm" finished-at="2024-06-22T16:46:18 IST" duration-ms="28871" status="PASS">
          <reporter-output>
          </reporter-output>
        </test-method> <!-- configBm -->
        <test-method signature="createOrgWithIndustry()[pri:0, instance:com.crm.orgTest.CreateOrganizationTest@123ef382]" started-at="2024-06-22T16:46:18 IST" name="createOrgWithIndustry" finished-at="2024-06-22T16:48:07 IST" duration-ms="108632" status="PASS">
          <reporter-output>
          </reporter-output>
        </test-method> <!-- createOrgWithIndustry -->
        <test-method is-config="true" signature="configAm()[pri:0, instance:com.crm.orgTest.CreateOrganizationTest@123ef382]" started-at="2024-06-22T16:48:07 IST" name="configAm" finished-at="2024-06-22T16:48:13 IST" duration-ms="6418" status="PASS">
          <reporter-output>
          </reporter-output>
        </test-method> <!-- configAm -->
        <test-method is-config="true" signature="configBm()[pri:0, instance:com.crm.orgTest.CreateOrganizationTest@123ef382]" started-at="2024-06-22T16:48:13 IST" name="configBm" finished-at="2024-06-22T16:48:28 IST" duration-ms="14309" status="PASS">
          <reporter-output>
          </reporter-output>
        </test-method> <!-- configBm -->
        <test-method signature="createOrgWithTest()[pri:0, instance:com.crm.orgTest.CreateOrganizationTest@123ef382]" started-at="2024-06-22T16:48:28 IST" name="createOrgWithTest" finished-at="2024-06-22T16:49:13 IST" duration-ms="44994" status="PASS">
          <reporter-output>
          </reporter-output>
        </test-method> <!-- createOrgWithTest -->
        <test-method is-config="true" signature="configAm()[pri:0, instance:com.crm.orgTest.CreateOrganizationTest@123ef382]" started-at="2024-06-22T16:49:13 IST" name="configAm" finished-at="2024-06-22T16:49:17 IST" duration-ms="4303" status="PASS">
          <reporter-output>
          </reporter-output>
        </test-method> <!-- configAm -->
        <test-method is-config="true" signature="configAc()[pri:0, instance:com.crm.orgTest.CreateOrganizationTest@123ef382]" started-at="2024-06-22T16:49:17 IST" name="configAc" finished-at="2024-06-22T16:49:19 IST" duration-ms="1966" status="PASS">
          <reporter-output>
          </reporter-output>
        </test-method> <!-- configAc -->
      </class> <!-- com.crm.orgTest.CreateOrganizationTest -->
    </test> <!-- Test-chrome -->
  </suite> <!-- Suite -->
</testng-results>
